<?xml version="1.0" encoding="UTF-8"?>
<testng-results ignored="0" total="2" passed="2" failed="0" skipped="0">
  <reporter-output>
  </reporter-output>
  <suite started-at="2023-08-30T10:05:37 IST" name="Loan department" finished-at="2023-08-30T10:05:37 IST" duration-ms="124">
    <groups>
    </groups>
    <test started-at="2023-08-30T10:05:37 IST" name="Regration" finished-at="2023-08-30T10:05:37 IST" duration-ms="124">
      <class name="test.Day1">
        <test-method signature="TC_03()[pri:0, instance:test.Day1@6fdbe764]" started-at="2023-08-30T10:05:37 IST" name="TC_03" finished-at="2023-08-30T10:05:37 IST" duration-ms="19" status="PASS">
          <reporter-output>
          </reporter-output>
        </test-method> <!-- TC_03 -->
        <test-method signature="secondTest()[pri:0, instance:test.Day1@6fdbe764]" started-at="2023-08-30T10:05:37 IST" name="secondTest" finished-at="2023-08-30T10:05:37 IST" duration-ms="7" status="PASS">
          <reporter-output>
          </reporter-output>
        </test-method> <!-- secondTest -->
      </class> <!-- test.Day1 -->
    </test> <!-- Regration -->
  </suite> <!-- Loan department -->
</testng-results>
