<?xml version="1.0" encoding="UTF-8"?>
<!-- Generated by org.testng.reporters.JUnitXMLReporter -->
<testsuite ignored="2" hostname="DESKTOP-TA9QDVM" failures="0" tests="4" name="Personal Loan" time="0.159" errors="0" timestamp="2023-08-04T12:52:34 IST">
  <testcase classname="test.Day1" name="TC_03" time="0.013"/>
  <testcase classname="test.Day1" name="demo" time="0.003"/>
  <testcase classname="test.Day1" name="secondTest" time="0.007"/>
  <testcase classname="test.Day2" name="TC_04" time="0.006"/>
  <testcase classname="test.Day4" name="HomewebLogInCarHomeLoan" time="0.0">
    <ignored/>
  </testcase> <!-- HomewebLogInCarHomeLoan -->
  <testcase classname="test.Day4" name="HomemobileLogInHomeLoan" time="0.0">
    <ignored/>
  </testcase> <!-- HomemobileLogInHomeLoan -->
</testsuite> <!-- Personal Loan -->
