<?xml version="1.0" encoding="UTF-8"?>
<!-- Generated by org.testng.reporters.JUnitXMLReporter -->
<testsuite ignored="1" hostname="DESKTOP-TA9QDVM" failures="0" tests="2" name="Regration" time="0.124" errors="0" timestamp="2023-08-30T10:05:37 IST">
  <testcase classname="test.Day1" name="TC_03" time="0.019"/>
  <testcase classname="test.Day1" name="secondTest" time="0.007"/>
  <testcase classname="test.Day1" name="demo" time="0.0">
    <ignored/>
  </testcase> <!-- demo -->
</testsuite> <!-- Regration -->
